c:\users\offic\desktop\university\advanced-real-time-graphics\project\frameworkdx11\x64\debug\vc143.pdb
c:\users\offic\desktop\university\advanced-real-time-graphics\project\frameworkdx11\x64\debug\main.obj
c:\users\offic\desktop\university\advanced-real-time-graphics\project\frameworkdx11\x64\debug\imgui_widgets.obj
c:\users\offic\desktop\university\advanced-real-time-graphics\project\frameworkdx11\x64\debug\imgui_tables.obj
c:\users\offic\desktop\university\advanced-real-time-graphics\project\frameworkdx11\x64\debug\imgui_impl_win32.obj
c:\users\offic\desktop\university\advanced-real-time-graphics\project\frameworkdx11\x64\debug\imgui_impl_dx11.obj
c:\users\offic\desktop\university\advanced-real-time-graphics\project\frameworkdx11\x64\debug\imgui_draw.obj
c:\users\offic\desktop\university\advanced-real-time-graphics\project\frameworkdx11\x64\debug\imgui_demo.obj
c:\users\offic\desktop\university\advanced-real-time-graphics\project\frameworkdx11\x64\debug\imgui.obj
c:\users\offic\desktop\university\advanced-real-time-graphics\project\frameworkdx11\x64\debug\meshcomponent.obj
c:\users\offic\desktop\university\advanced-real-time-graphics\project\frameworkdx11\x64\debug\lightcomponent.obj
c:\users\offic\desktop\university\advanced-real-time-graphics\project\frameworkdx11\x64\debug\entity.obj
c:\users\offic\desktop\university\advanced-real-time-graphics\project\frameworkdx11\x64\debug\ddstextureloader.obj
c:\users\offic\desktop\university\advanced-real-time-graphics\project\frameworkdx11\x64\debug\component.obj
c:\users\offic\desktop\university\advanced-real-time-graphics\project\frameworkdx11\x64\debug\imguizmo.obj
c:\users\offic\desktop\university\advanced-real-time-graphics\project\frameworkdx11\x64\debug\tutorial01.res
c:\users\offic\desktop\university\advanced-real-time-graphics\project\x64\debug\frameworkdx11.pdb
c:\users\offic\desktop\university\advanced-real-time-graphics\project\frameworkdx11\x64\debug\frameworkdx11.tlog\cl.command.1.tlog
c:\users\offic\desktop\university\advanced-real-time-graphics\project\frameworkdx11\x64\debug\frameworkdx11.tlog\cl.items.tlog
c:\users\offic\desktop\university\advanced-real-time-graphics\project\frameworkdx11\x64\debug\frameworkdx11.tlog\cl.read.1.tlog
c:\users\offic\desktop\university\advanced-real-time-graphics\project\frameworkdx11\x64\debug\frameworkdx11.tlog\cl.write.1.tlog
c:\users\offic\desktop\university\advanced-real-time-graphics\project\frameworkdx11\x64\debug\frameworkdx11.tlog\link-cvtres.read.1.tlog
c:\users\offic\desktop\university\advanced-real-time-graphics\project\frameworkdx11\x64\debug\frameworkdx11.tlog\link-cvtres.write.1.tlog
c:\users\offic\desktop\university\advanced-real-time-graphics\project\frameworkdx11\x64\debug\frameworkdx11.tlog\link-mt.read.1.tlog
c:\users\offic\desktop\university\advanced-real-time-graphics\project\frameworkdx11\x64\debug\frameworkdx11.tlog\link-mt.write.1.tlog
c:\users\offic\desktop\university\advanced-real-time-graphics\project\frameworkdx11\x64\debug\frameworkdx11.tlog\link-rc.read.1.tlog
c:\users\offic\desktop\university\advanced-real-time-graphics\project\frameworkdx11\x64\debug\frameworkdx11.tlog\link-rc.write.1.tlog
c:\users\offic\desktop\university\advanced-real-time-graphics\project\frameworkdx11\x64\debug\frameworkdx11.tlog\link.26084-cvtres.read.1.tlog
c:\users\offic\desktop\university\advanced-real-time-graphics\project\frameworkdx11\x64\debug\frameworkdx11.tlog\link.26084-cvtres.write.1.tlog
c:\users\offic\desktop\university\advanced-real-time-graphics\project\frameworkdx11\x64\debug\frameworkdx11.tlog\link.26084-mt.read.1.tlog
c:\users\offic\desktop\university\advanced-real-time-graphics\project\frameworkdx11\x64\debug\frameworkdx11.tlog\link.26084-mt.write.1.tlog
c:\users\offic\desktop\university\advanced-real-time-graphics\project\frameworkdx11\x64\debug\frameworkdx11.tlog\link.26084-rc.read.1.tlog
c:\users\offic\desktop\university\advanced-real-time-graphics\project\frameworkdx11\x64\debug\frameworkdx11.tlog\link.26084-rc.write.1.tlog
c:\users\offic\desktop\university\advanced-real-time-graphics\project\frameworkdx11\x64\debug\frameworkdx11.tlog\link.26084.read.1.tlog
c:\users\offic\desktop\university\advanced-real-time-graphics\project\frameworkdx11\x64\debug\frameworkdx11.tlog\link.26084.read.2.tlog
c:\users\offic\desktop\university\advanced-real-time-graphics\project\frameworkdx11\x64\debug\frameworkdx11.tlog\link.26084.read.3.tlog
c:\users\offic\desktop\university\advanced-real-time-graphics\project\frameworkdx11\x64\debug\frameworkdx11.tlog\link.26084.read.4.tlog
c:\users\offic\desktop\university\advanced-real-time-graphics\project\frameworkdx11\x64\debug\frameworkdx11.tlog\link.26084.read.5.tlog
c:\users\offic\desktop\university\advanced-real-time-graphics\project\frameworkdx11\x64\debug\frameworkdx11.tlog\link.26084.write.1.tlog
c:\users\offic\desktop\university\advanced-real-time-graphics\project\frameworkdx11\x64\debug\frameworkdx11.tlog\link.command.1.tlog
c:\users\offic\desktop\university\advanced-real-time-graphics\project\frameworkdx11\x64\debug\frameworkdx11.tlog\link.read.1.tlog
c:\users\offic\desktop\university\advanced-real-time-graphics\project\frameworkdx11\x64\debug\frameworkdx11.tlog\link.read.2.tlog
c:\users\offic\desktop\university\advanced-real-time-graphics\project\frameworkdx11\x64\debug\frameworkdx11.tlog\link.read.3.tlog
c:\users\offic\desktop\university\advanced-real-time-graphics\project\frameworkdx11\x64\debug\frameworkdx11.tlog\link.read.4.tlog
c:\users\offic\desktop\university\advanced-real-time-graphics\project\frameworkdx11\x64\debug\frameworkdx11.tlog\link.read.5.tlog
c:\users\offic\desktop\university\advanced-real-time-graphics\project\frameworkdx11\x64\debug\frameworkdx11.tlog\link.write.1.tlog
c:\users\offic\desktop\university\advanced-real-time-graphics\project\frameworkdx11\x64\debug\frameworkdx11.tlog\rc.command.1.tlog
c:\users\offic\desktop\university\advanced-real-time-graphics\project\frameworkdx11\x64\debug\frameworkdx11.tlog\rc.read.1.tlog
c:\users\offic\desktop\university\advanced-real-time-graphics\project\frameworkdx11\x64\debug\frameworkdx11.tlog\rc.write.1.tlog
